<?xml version="1.0" encoding="UTF-8"?>
<testsuite xmlns:xsi="http://www.w3.org/2001/XMLSchema-instance" xsi:noNamespaceSchemaLocation="https://maven.apache.org/surefire/maven-surefire-plugin/xsd/surefire-test-report-3.0.xsd" version="3.0" name="TestSuite" time="274.607" tests="12" errors="0" skipped="0" failures="0">
  <properties>
    <property name="sun.desktop" value="windows"/>
    <property name="awt.toolkit" value="sun.awt.windows.WToolkit"/>
    <property name="file.encoding.pkg" value="sun.io"/>
    <property name="java.specification.version" value="1.8"/>
    <property name="webdriver.chrome.driver" value="C:\Users\Admin\.m2\repository\webdriver\chromedriver\win32\91.0\chromedriver.exe"/>
    <property name="sun.cpu.isalist" value="amd64"/>
    <property name="sun.jnu.encoding" value="Cp1252"/>
    <property name="java.class.path" value="C:\PROJECt\CRMTest\target\test-classes;C:\PROJECt\CRMTest\target\classes;C:\Users\Admin\.m2\repository\org\seleniumhq\selenium\selenium-java\3.141.59\selenium-java-3.141.59.jar;C:\Users\Admin\.m2\repository\org\seleniumhq\selenium\selenium-api\3.141.59\selenium-api-3.141.59.jar;C:\Users\Admin\.m2\repository\org\seleniumhq\selenium\selenium-chrome-driver\3.141.59\selenium-chrome-driver-3.141.59.jar;C:\Users\Admin\.m2\repository\org\seleniumhq\selenium\selenium-edge-driver\3.141.59\selenium-edge-driver-3.141.59.jar;C:\Users\Admin\.m2\repository\org\seleniumhq\selenium\selenium-firefox-driver\3.141.59\selenium-firefox-driver-3.141.59.jar;C:\Users\Admin\.m2\repository\org\seleniumhq\selenium\selenium-ie-driver\3.141.59\selenium-ie-driver-3.141.59.jar;C:\Users\Admin\.m2\repository\org\seleniumhq\selenium\selenium-opera-driver\3.141.59\selenium-opera-driver-3.141.59.jar;C:\Users\Admin\.m2\repository\org\seleniumhq\selenium\selenium-remote-driver\3.141.59\selenium-remote-driver-3.141.59.jar;C:\Users\Admin\.m2\repository\org\seleniumhq\selenium\selenium-safari-driver\3.141.59\selenium-safari-driver-3.141.59.jar;C:\Users\Admin\.m2\repository\org\seleniumhq\selenium\selenium-support\3.141.59\selenium-support-3.141.59.jar;C:\Users\Admin\.m2\repository\net\bytebuddy\byte-buddy\1.8.15\byte-buddy-1.8.15.jar;C:\Users\Admin\.m2\repository\org\apache\commons\commons-exec\1.3\commons-exec-1.3.jar;C:\Users\Admin\.m2\repository\com\google\guava\guava\25.0-jre\guava-25.0-jre.jar;C:\Users\Admin\.m2\repository\com\google\code\findbugs\jsr305\1.3.9\jsr305-1.3.9.jar;C:\Users\Admin\.m2\repository\org\checkerframework\checker-compat-qual\2.0.0\checker-compat-qual-2.0.0.jar;C:\Users\Admin\.m2\repository\com\google\errorprone\error_prone_annotations\2.1.3\error_prone_annotations-2.1.3.jar;C:\Users\Admin\.m2\repository\com\google\j2objc\j2objc-annotations\1.1\j2objc-annotations-1.1.jar;C:\Users\Admin\.m2\repository\org\codehaus\mojo\animal-sniffer-annotations\1.14\animal-sniffer-annotations-1.14.jar;C:\Users\Admin\.m2\repository\com\squareup\okhttp3\okhttp\3.11.0\okhttp-3.11.0.jar;C:\Users\Admin\.m2\repository\com\squareup\okio\okio\1.14.0\okio-1.14.0.jar;C:\Users\Admin\.m2\repository\org\testng\testng\7.3.0\testng-7.3.0.jar;C:\Users\Admin\.m2\repository\com\beust\jcommander\1.78\jcommander-1.78.jar;C:\Users\Admin\.m2\repository\org\apache\ant\ant\1.10.3\ant-1.10.3.jar;C:\Users\Admin\.m2\repository\org\apache\ant\ant-launcher\1.10.3\ant-launcher-1.10.3.jar;C:\Users\Admin\.m2\repository\junit\junit\4.12\junit-4.12.jar;C:\Users\Admin\.m2\repository\org\hamcrest\hamcrest-core\1.3\hamcrest-core-1.3.jar;C:\Users\Admin\.m2\repository\com\google\inject\guice\4.2.2\guice-4.2.2-no_aop.jar;C:\Users\Admin\.m2\repository\javax\inject\javax.inject\1\javax.inject-1.jar;C:\Users\Admin\.m2\repository\aopalliance\aopalliance\1.0\aopalliance-1.0.jar;C:\Users\Admin\.m2\repository\org\yaml\snakeyaml\1.21\snakeyaml-1.21.jar;C:\Users\Admin\.m2\repository\org\apache\poi\poi\3.9\poi-3.9.jar;C:\Users\Admin\.m2\repository\commons-codec\commons-codec\1.5\commons-codec-1.5.jar;C:\Users\Admin\.m2\repository\org\apache\poi\poi-ooxml\3.9\poi-ooxml-3.9.jar;C:\Users\Admin\.m2\repository\dom4j\dom4j\1.6.1\dom4j-1.6.1.jar;C:\Users\Admin\.m2\repository\xml-apis\xml-apis\1.0.b2\xml-apis-1.0.b2.jar;C:\Users\Admin\.m2\repository\org\apache\poi\poi-ooxml-schemas\3.9\poi-ooxml-schemas-3.9.jar;C:\Users\Admin\.m2\repository\org\apache\xmlbeans\xmlbeans\2.3.0\xmlbeans-2.3.0.jar;C:\Users\Admin\.m2\repository\stax\stax-api\1.0.1\stax-api-1.0.1.jar;C:\Users\Admin\.m2\repository\org\apache\poi\poi-scratchpad\3.9\poi-scratchpad-3.9.jar;C:\Users\Admin\.m2\repository\org\apache\poi\ooxml-schemas\1.1\ooxml-schemas-1.1.jar;C:\Users\Admin\.m2\repository\org\apache\poi\openxml4j\1.0-beta\openxml4j-1.0-beta.jar;C:\Users\Admin\.m2\repository\log4j\log4j\1.2.8\log4j-1.2.8.jar;C:\Users\Admin\.m2\repository\com\relevantcodes\extentreports\2.41.2\extentreports-2.41.2.jar;C:\Users\Admin\.m2\repository\org\jsoup\jsoup\1.8.3\jsoup-1.8.3.jar;C:\Users\Admin\.m2\repository\org\xerial\sqlite-jdbc\3.8.11.1\sqlite-jdbc-3.8.11.1.jar;C:\Users\Admin\.m2\repository\org\freemarker\freemarker\2.3.23\freemarker-2.3.23.jar;C:\Users\Admin\.m2\repository\org\mongodb\mongodb-driver\3.0.4\mongodb-driver-3.0.4.jar;C:\Users\Admin\.m2\repository\org\mongodb\bson\3.0.4\bson-3.0.4.jar;C:\Users\Admin\.m2\repository\org\mongodb\mongodb-driver-core\3.0.4\mongodb-driver-core-3.0.4.jar;C:\Users\Admin\.m2\repository\io\github\bonigarcia\webdrivermanager\3.0.0\webdrivermanager-3.0.0.jar;C:\Users\Admin\.m2\repository\org\slf4j\slf4j-api\1.7.25\slf4j-api-1.7.25.jar;C:\Users\Admin\.m2\repository\commons-io\commons-io\2.6\commons-io-2.6.jar;C:\Users\Admin\.m2\repository\com\google\code\gson\gson\2.8.5\gson-2.8.5.jar;C:\Users\Admin\.m2\repository\org\apache\commons\commons-lang3\3.7\commons-lang3-3.7.jar;C:\Users\Admin\.m2\repository\org\apache\httpcomponents\httpclient\4.5.5\httpclient-4.5.5.jar;C:\Users\Admin\.m2\repository\org\apache\httpcomponents\httpcore\4.4.9\httpcore-4.4.9.jar;C:\Users\Admin\.m2\repository\commons-logging\commons-logging\1.2\commons-logging-1.2.jar;C:\Users\Admin\.m2\repository\org\rauschig\jarchivelib\0.8.0\jarchivelib-0.8.0.jar;C:\Users\Admin\.m2\repository\org\apache\commons\commons-compress\1.14\commons-compress-1.14.jar;"/>
    <property name="java.vm.vendor" value="Oracle Corporation"/>
    <property name="sun.arch.data.model" value="64"/>
    <property name="user.variant" value=""/>
    <property name="java.vendor.url" value="http://java.oracle.com/"/>
    <property name="user.timezone" value="Asia/Calcutta"/>
    <property name="java.vm.specification.version" value="1.8"/>
    <property name="os.name" value="Windows 10"/>
    <property name="user.country" value="IN"/>
    <property name="sun.java.launcher" value="SUN_STANDARD"/>
    <property name="sun.boot.library.path" value="C:\Program Files\Java\jdk1.8.0_151\jre\bin"/>
    <property name="sun.java.command" value="C:\Users\Admin\AppData\Local\Temp\surefire1310539855441533875\surefirebooter1639120646758070594.jar C:\Users\Admin\AppData\Local\Temp\surefire1310539855441533875 2021-07-09T22-27-30_102-jvmRun1 surefire4735798918529010001tmp surefire_08505803834361354597tmp"/>
    <property name="surefire.test.class.path" value="C:\PROJECt\CRMTest\target\test-classes;C:\PROJECt\CRMTest\target\classes;C:\Users\Admin\.m2\repository\org\seleniumhq\selenium\selenium-java\3.141.59\selenium-java-3.141.59.jar;C:\Users\Admin\.m2\repository\org\seleniumhq\selenium\selenium-api\3.141.59\selenium-api-3.141.59.jar;C:\Users\Admin\.m2\repository\org\seleniumhq\selenium\selenium-chrome-driver\3.141.59\selenium-chrome-driver-3.141.59.jar;C:\Users\Admin\.m2\repository\org\seleniumhq\selenium\selenium-edge-driver\3.141.59\selenium-edge-driver-3.141.59.jar;C:\Users\Admin\.m2\repository\org\seleniumhq\selenium\selenium-firefox-driver\3.141.59\selenium-firefox-driver-3.141.59.jar;C:\Users\Admin\.m2\repository\org\seleniumhq\selenium\selenium-ie-driver\3.141.59\selenium-ie-driver-3.141.59.jar;C:\Users\Admin\.m2\repository\org\seleniumhq\selenium\selenium-opera-driver\3.141.59\selenium-opera-driver-3.141.59.jar;C:\Users\Admin\.m2\repository\org\seleniumhq\selenium\selenium-remote-driver\3.141.59\selenium-remote-driver-3.141.59.jar;C:\Users\Admin\.m2\repository\org\seleniumhq\selenium\selenium-safari-driver\3.141.59\selenium-safari-driver-3.141.59.jar;C:\Users\Admin\.m2\repository\org\seleniumhq\selenium\selenium-support\3.141.59\selenium-support-3.141.59.jar;C:\Users\Admin\.m2\repository\net\bytebuddy\byte-buddy\1.8.15\byte-buddy-1.8.15.jar;C:\Users\Admin\.m2\repository\org\apache\commons\commons-exec\1.3\commons-exec-1.3.jar;C:\Users\Admin\.m2\repository\com\google\guava\guava\25.0-jre\guava-25.0-jre.jar;C:\Users\Admin\.m2\repository\com\google\code\findbugs\jsr305\1.3.9\jsr305-1.3.9.jar;C:\Users\Admin\.m2\repository\org\checkerframework\checker-compat-qual\2.0.0\checker-compat-qual-2.0.0.jar;C:\Users\Admin\.m2\repository\com\google\errorprone\error_prone_annotations\2.1.3\error_prone_annotations-2.1.3.jar;C:\Users\Admin\.m2\repository\com\google\j2objc\j2objc-annotations\1.1\j2objc-annotations-1.1.jar;C:\Users\Admin\.m2\repository\org\codehaus\mojo\animal-sniffer-annotations\1.14\animal-sniffer-annotations-1.14.jar;C:\Users\Admin\.m2\repository\com\squareup\okhttp3\okhttp\3.11.0\okhttp-3.11.0.jar;C:\Users\Admin\.m2\repository\com\squareup\okio\okio\1.14.0\okio-1.14.0.jar;C:\Users\Admin\.m2\repository\org\testng\testng\7.3.0\testng-7.3.0.jar;C:\Users\Admin\.m2\repository\com\beust\jcommander\1.78\jcommander-1.78.jar;C:\Users\Admin\.m2\repository\org\apache\ant\ant\1.10.3\ant-1.10.3.jar;C:\Users\Admin\.m2\repository\org\apache\ant\ant-launcher\1.10.3\ant-launcher-1.10.3.jar;C:\Users\Admin\.m2\repository\junit\junit\4.12\junit-4.12.jar;C:\Users\Admin\.m2\repository\org\hamcrest\hamcrest-core\1.3\hamcrest-core-1.3.jar;C:\Users\Admin\.m2\repository\com\google\inject\guice\4.2.2\guice-4.2.2-no_aop.jar;C:\Users\Admin\.m2\repository\javax\inject\javax.inject\1\javax.inject-1.jar;C:\Users\Admin\.m2\repository\aopalliance\aopalliance\1.0\aopalliance-1.0.jar;C:\Users\Admin\.m2\repository\org\yaml\snakeyaml\1.21\snakeyaml-1.21.jar;C:\Users\Admin\.m2\repository\org\apache\poi\poi\3.9\poi-3.9.jar;C:\Users\Admin\.m2\repository\commons-codec\commons-codec\1.5\commons-codec-1.5.jar;C:\Users\Admin\.m2\repository\org\apache\poi\poi-ooxml\3.9\poi-ooxml-3.9.jar;C:\Users\Admin\.m2\repository\dom4j\dom4j\1.6.1\dom4j-1.6.1.jar;C:\Users\Admin\.m2\repository\xml-apis\xml-apis\1.0.b2\xml-apis-1.0.b2.jar;C:\Users\Admin\.m2\repository\org\apache\poi\poi-ooxml-schemas\3.9\poi-ooxml-schemas-3.9.jar;C:\Users\Admin\.m2\repository\org\apache\xmlbeans\xmlbeans\2.3.0\xmlbeans-2.3.0.jar;C:\Users\Admin\.m2\repository\stax\stax-api\1.0.1\stax-api-1.0.1.jar;C:\Users\Admin\.m2\repository\org\apache\poi\poi-scratchpad\3.9\poi-scratchpad-3.9.jar;C:\Users\Admin\.m2\repository\org\apache\poi\ooxml-schemas\1.1\ooxml-schemas-1.1.jar;C:\Users\Admin\.m2\repository\org\apache\poi\openxml4j\1.0-beta\openxml4j-1.0-beta.jar;C:\Users\Admin\.m2\repository\log4j\log4j\1.2.8\log4j-1.2.8.jar;C:\Users\Admin\.m2\repository\com\relevantcodes\extentreports\2.41.2\extentreports-2.41.2.jar;C:\Users\Admin\.m2\repository\org\jsoup\jsoup\1.8.3\jsoup-1.8.3.jar;C:\Users\Admin\.m2\repository\org\xerial\sqlite-jdbc\3.8.11.1\sqlite-jdbc-3.8.11.1.jar;C:\Users\Admin\.m2\repository\org\freemarker\freemarker\2.3.23\freemarker-2.3.23.jar;C:\Users\Admin\.m2\repository\org\mongodb\mongodb-driver\3.0.4\mongodb-driver-3.0.4.jar;C:\Users\Admin\.m2\repository\org\mongodb\bson\3.0.4\bson-3.0.4.jar;C:\Users\Admin\.m2\repository\org\mongodb\mongodb-driver-core\3.0.4\mongodb-driver-core-3.0.4.jar;C:\Users\Admin\.m2\repository\io\github\bonigarcia\webdrivermanager\3.0.0\webdrivermanager-3.0.0.jar;C:\Users\Admin\.m2\repository\org\slf4j\slf4j-api\1.7.25\slf4j-api-1.7.25.jar;C:\Users\Admin\.m2\repository\commons-io\commons-io\2.6\commons-io-2.6.jar;C:\Users\Admin\.m2\repository\com\google\code\gson\gson\2.8.5\gson-2.8.5.jar;C:\Users\Admin\.m2\repository\org\apache\commons\commons-lang3\3.7\commons-lang3-3.7.jar;C:\Users\Admin\.m2\repository\org\apache\httpcomponents\httpclient\4.5.5\httpclient-4.5.5.jar;C:\Users\Admin\.m2\repository\org\apache\httpcomponents\httpcore\4.4.9\httpcore-4.4.9.jar;C:\Users\Admin\.m2\repository\commons-logging\commons-logging\1.2\commons-logging-1.2.jar;C:\Users\Admin\.m2\repository\org\rauschig\jarchivelib\0.8.0\jarchivelib-0.8.0.jar;C:\Users\Admin\.m2\repository\org\apache\commons\commons-compress\1.14\commons-compress-1.14.jar;"/>
    <property name="sun.cpu.endian" value="little"/>
    <property name="user.home" value="C:\Users\Admin"/>
    <property name="user.language" value="en"/>
    <property name="java.specification.vendor" value="Oracle Corporation"/>
    <property name="java.home" value="C:\Program Files\Java\jdk1.8.0_151\jre"/>
    <property name="basedir" value="C:\PROJECt\CRMTest"/>
    <property name="file.separator" value="\"/>
    <property name="line.separator" value="&#10;"/>
    <property name="java.vm.specification.vendor" value="Oracle Corporation"/>
    <property name="java.specification.name" value="Java Platform API Specification"/>
    <property name="java.awt.graphicsenv" value="sun.awt.Win32GraphicsEnvironment"/>
    <property name="surefire.real.class.path" value="C:\Users\Admin\AppData\Local\Temp\surefire1310539855441533875\surefirebooter1639120646758070594.jar"/>
    <property name="sun.boot.class.path" value="C:\Program Files\Java\jdk1.8.0_151\jre\lib\resources.jar;C:\Program Files\Java\jdk1.8.0_151\jre\lib\rt.jar;C:\Program Files\Java\jdk1.8.0_151\jre\lib\sunrsasign.jar;C:\Program Files\Java\jdk1.8.0_151\jre\lib\jsse.jar;C:\Program Files\Java\jdk1.8.0_151\jre\lib\jce.jar;C:\Program Files\Java\jdk1.8.0_151\jre\lib\charsets.jar;C:\Program Files\Java\jdk1.8.0_151\jre\lib\jfr.jar;C:\Program Files\Java\jdk1.8.0_151\jre\classes"/>
    <property name="user.script" value=""/>
    <property name="sun.management.compiler" value="HotSpot 64-Bit Tiered Compilers"/>
    <property name="java.runtime.version" value="1.8.0_151-b12"/>
    <property name="user.name" value="Admin"/>
    <property name="path.separator" value=";"/>
    <property name="os.version" value="10.0"/>
    <property name="java.endorsed.dirs" value="C:\Program Files\Java\jdk1.8.0_151\jre\lib\endorsed"/>
    <property name="java.runtime.name" value="Java(TM) SE Runtime Environment"/>
    <property name="file.encoding" value="Cp1252"/>
    <property name="browser" value=""/>
    <property name="java.vm.name" value="Java HotSpot(TM) 64-Bit Server VM"/>
    <property name="localRepository" value="C:\Users\Admin\.m2\repository"/>
    <property name="java.vendor.url.bug" value="http://bugreport.sun.com/bugreport/"/>
    <property name="java.io.tmpdir" value="C:\Users\Admin\AppData\Local\Temp\"/>
    <property name="java.version" value="1.8.0_151"/>
    <property name="user.dir" value="C:\PROJECt\CRMTest"/>
    <property name="os.arch" value="amd64"/>
    <property name="java.vm.specification.name" value="Java Virtual Machine Specification"/>
    <property name="java.awt.printerjob" value="sun.awt.windows.WPrinterJob"/>
    <property name="sun.os.patch.level" value=""/>
    <property name="java.library.path" value="C:\Program Files\Java\jdk1.8.0_151\jre\bin;C:\WINDOWS\Sun\Java\bin;C:\WINDOWS\system32;C:\WINDOWS;C:\Program Files\apache-maven-3.8.1/bin;C:\Program Files\Java\jdk1.8.0_151/bin;C:\Program Files\Java\jdk1.8.0_151/bin;C:\ProgramData\Oracle\Java\javapath;C:\Program Files\Java\jdk1.8.0_151\bin;C:\WINDOWS\system32;C:\WINDOWS;C:\WINDOWS\System32\Wbem;C:\WINDOWS\System32\WindowsPowerShell\v1.0\;C:\Users\Admin\Neonworkspace\geckodriver;C:\Program Files\Intel\WiFi\bin\;C:\Program Files\Common Files\Intel\WirelessCommon\;C:\WINDOWS\System32\OpenSSH\;C:\Program Files\apache-maven-3.8.1\bin;C:\Users\Admin\AppData\Local\Microsoft\WindowsApps;;."/>
    <property name="java.vm.info" value="mixed mode"/>
    <property name="java.vendor" value="Oracle Corporation"/>
    <property name="java.vm.version" value="25.151-b12"/>
    <property name="java.ext.dirs" value="C:\Program Files\Java\jdk1.8.0_151\jre\lib\ext;C:\WINDOWS\Sun\Java\lib\ext"/>
    <property name="sun.io.unicode.encoding" value="UnicodeLittle"/>
    <property name="java.class.version" value="52.0"/>
  </properties>
  <testcase name="loginPageTitleTest" classname="com.companyNameAbc.projectNameCrm.qa.testcases.LoginPageTest" time="0.022">
    <system-out><![CDATA[Before navigating to: 'https://classic.freecrm.com/index.html'
Navigated to:'https://classic.freecrm.com/index.html'
]]></system-out>
    <system-err><![CDATA[SLF4J: Failed to load class "org.slf4j.impl.StaticLoggerBinder".
SLF4J: Defaulting to no-operation (NOP) logger implementation
SLF4J: See http://www.slf4j.org/codes.html#StaticLoggerBinder for further details.
log4j:WARN No appenders could be found for logger (org.apache.http.client.protocol.RequestAddCookies).
log4j:WARN Please initialize the log4j system properly.
Starting ChromeDriver 91.0.4472.19 (1bf021f248676a0b2ab3ee0561d83a59e424c23e-refs/branch-heads/4472@{#288}) on port 39338
Only local connections are allowed.
Please see https://chromedriver.chromium.org/security-considerations for suggestions on keeping ChromeDriver safe.
ChromeDriver was started successfully.
Jul 09, 2021 10:27:42 PM org.openqa.selenium.remote.ProtocolHandshake createSession
INFO: Detected dialect: W3C
]]></system-err>
  </testcase>
  <testcase name="crmLogoImageTest" classname="com.companyNameAbc.projectNameCrm.qa.testcases.LoginPageTest" time="0.158">
    <system-out><![CDATA[Before navigating to: 'https://classic.freecrm.com/index.html'
Navigated to:'https://classic.freecrm.com/index.html'
Trying to find Element By : By.xpath: //html/body/div[2]/div/div[1]/a
Found Element By : By.xpath: //html/body/div[2]/div/div[1]/a
]]></system-out>
    <system-err><![CDATA[Starting ChromeDriver 91.0.4472.19 (1bf021f248676a0b2ab3ee0561d83a59e424c23e-refs/branch-heads/4472@{#288}) on port 8200
Only local connections are allowed.
Please see https://chromedriver.chromium.org/security-considerations for suggestions on keeping ChromeDriver safe.
ChromeDriver was started successfully.
Jul 09, 2021 10:28:01 PM org.openqa.selenium.remote.ProtocolHandshake createSession
INFO: Detected dialect: W3C
]]></system-err>
  </testcase>
  <testcase name="loginTest" classname="com.companyNameAbc.projectNameCrm.qa.testcases.LoginPageTest" time="6.717">
    <system-out><![CDATA[Before navigating to: 'https://classic.freecrm.com/index.html'
Navigated to:'https://classic.freecrm.com/index.html'
Trying to find Element By : By.name: username
Found Element By : By.name: username
Trying to find Element By : By.name: password
Found Element By : By.name: password
Trying to find Element By : By.xpath: //input[@type='submit']
Found Element By : By.xpath: //input[@type='submit']
Trying to click on: [[ChromeDriver: chrome on WINDOWS (e58c5f3b8ff69bf8ebba5aaef994000b)] -> xpath: //input[@type='submit']]
Clicked on: [[ChromeDriver: chrome on WINDOWS (e58c5f3b8ff69bf8ebba5aaef994000b)] -> xpath: //input[@type='submit']]
]]></system-out>
    <system-err><![CDATA[Starting ChromeDriver 91.0.4472.19 (1bf021f248676a0b2ab3ee0561d83a59e424c23e-refs/branch-heads/4472@{#288}) on port 34917
Only local connections are allowed.
Please see https://chromedriver.chromium.org/security-considerations for suggestions on keeping ChromeDriver safe.
ChromeDriver was started successfully.
Jul 09, 2021 10:28:18 PM org.openqa.selenium.remote.ProtocolHandshake createSession
INFO: Detected dialect: W3C
]]></system-err>
  </testcase>
  <testcase name="verifyHomePageTitleTest" classname="com.companyNameAbc.projectNameCrm.qa.testcases.HomePageTest" time="0.014">
    <system-out><![CDATA[Before navigating to: 'https://classic.freecrm.com/index.html'
Navigated to:'https://classic.freecrm.com/index.html'
Trying to find Element By : By.name: username
Found Element By : By.name: username
Trying to find Element By : By.name: password
Found Element By : By.name: password
Trying to find Element By : By.xpath: //input[@type='submit']
Found Element By : By.xpath: //input[@type='submit']
Trying to click on: [[ChromeDriver: chrome on WINDOWS (42bf5990ff891f3f07aefd1af832e377)] -> xpath: //input[@type='submit']]
Clicked on: [[ChromeDriver: chrome on WINDOWS (42bf5990ff891f3f07aefd1af832e377)] -> xpath: //input[@type='submit']]
]]></system-out>
    <system-err><![CDATA[Starting ChromeDriver 91.0.4472.19 (1bf021f248676a0b2ab3ee0561d83a59e424c23e-refs/branch-heads/4472@{#288}) on port 18352
Only local connections are allowed.
Please see https://chromedriver.chromium.org/security-considerations for suggestions on keeping ChromeDriver safe.
ChromeDriver was started successfully.
Jul 09, 2021 10:28:42 PM org.openqa.selenium.remote.ProtocolHandshake createSession
INFO: Detected dialect: W3C
]]></system-err>
  </testcase>
  <testcase name="verifyUserNameTest" classname="com.companyNameAbc.projectNameCrm.qa.testcases.HomePageTest" time="0.182">
    <system-out><![CDATA[Before navigating to: 'https://classic.freecrm.com/index.html'
Navigated to:'https://classic.freecrm.com/index.html'
Trying to find Element By : By.name: username
Found Element By : By.name: username
Trying to find Element By : By.name: password
Found Element By : By.name: password
Trying to find Element By : By.xpath: //input[@type='submit']
Found Element By : By.xpath: //input[@type='submit']
Trying to click on: [[ChromeDriver: chrome on WINDOWS (b131b59386bc5b111db1a44e5fec515c)] -> xpath: //input[@type='submit']]
Clicked on: [[ChromeDriver: chrome on WINDOWS (b131b59386bc5b111db1a44e5fec515c)] -> xpath: //input[@type='submit']]
Trying to find Element By : By.xpath: //td[contains(text(),'User: santhosh Test')]
Found Element By : By.xpath: //td[contains(text(),'User: santhosh Test')]
]]></system-out>
    <system-err><![CDATA[Starting ChromeDriver 91.0.4472.19 (1bf021f248676a0b2ab3ee0561d83a59e424c23e-refs/branch-heads/4472@{#288}) on port 26146
Only local connections are allowed.
Please see https://chromedriver.chromium.org/security-considerations for suggestions on keeping ChromeDriver safe.
ChromeDriver was started successfully.
Jul 09, 2021 10:29:04 PM org.openqa.selenium.remote.ProtocolHandshake createSession
INFO: Detected dialect: W3C
]]></system-err>
  </testcase>
  <testcase name="verifyContactsLinkTest" classname="com.companyNameAbc.projectNameCrm.qa.testcases.HomePageTest" time="1.608">
    <system-out><![CDATA[Before navigating to: 'https://classic.freecrm.com/index.html'
Navigated to:'https://classic.freecrm.com/index.html'
Trying to find Element By : By.name: username
Found Element By : By.name: username
Trying to find Element By : By.name: password
Found Element By : By.name: password
Trying to find Element By : By.xpath: //input[@type='submit']
Found Element By : By.xpath: //input[@type='submit']
Trying to click on: [[ChromeDriver: chrome on WINDOWS (9a929431f97acf37e64c0b1680581f7e)] -> xpath: //input[@type='submit']]
Clicked on: [[ChromeDriver: chrome on WINDOWS (9a929431f97acf37e64c0b1680581f7e)] -> xpath: //input[@type='submit']]
Trying to find Element By : By.xpath: //a[contains(text(),'Contacts')]
Found Element By : By.xpath: //a[contains(text(),'Contacts')]
Trying to click on: [[ChromeDriver: chrome on WINDOWS (9a929431f97acf37e64c0b1680581f7e)] -> xpath: //a[contains(text(),'Contacts')]]
Clicked on: [[ChromeDriver: chrome on WINDOWS (9a929431f97acf37e64c0b1680581f7e)] -> xpath: //a[contains(text(),'Contacts')]]
]]></system-out>
    <system-err><![CDATA[Starting ChromeDriver 91.0.4472.19 (1bf021f248676a0b2ab3ee0561d83a59e424c23e-refs/branch-heads/4472@{#288}) on port 15018
Only local connections are allowed.
Please see https://chromedriver.chromium.org/security-considerations for suggestions on keeping ChromeDriver safe.
ChromeDriver was started successfully.
Jul 09, 2021 10:29:25 PM org.openqa.selenium.remote.ProtocolHandshake createSession
INFO: Detected dialect: W3C
]]></system-err>
  </testcase>
  <testcase name="verifyContactsPageLabel" classname="com.companyNameAbc.projectNameCrm.qa.testcases.ContactsPageTest" time="2.702">
    <system-out><![CDATA[Before navigating to: 'https://classic.freecrm.com/index.html'
Navigated to:'https://classic.freecrm.com/index.html'
Trying to find Element By : By.name: username
Found Element By : By.name: username
Trying to find Element By : By.name: password
Found Element By : By.name: password
Trying to find Element By : By.xpath: //input[@type='submit']
Found Element By : By.xpath: //input[@type='submit']
Trying to click on: [[ChromeDriver: chrome on WINDOWS (f8daa756116e9108f06841d34b07d037)] -> xpath: //input[@type='submit']]
Clicked on: [[ChromeDriver: chrome on WINDOWS (f8daa756116e9108f06841d34b07d037)] -> xpath: //input[@type='submit']]
Trying to find Element By : By.xpath: //a[contains(text(),'Contacts')]
Found Element By : By.xpath: //a[contains(text(),'Contacts')]
Trying to click on: [[ChromeDriver: chrome on WINDOWS (f8daa756116e9108f06841d34b07d037)] -> xpath: //a[contains(text(),'Contacts')]]
Clicked on: [[ChromeDriver: chrome on WINDOWS (f8daa756116e9108f06841d34b07d037)] -> xpath: //a[contains(text(),'Contacts')]]
Trying to find Element By : By.xpath: //td[contains(text(),'Contacts')]
Found Element By : By.xpath: //td[contains(text(),'Contacts')]
]]></system-out>
    <system-err><![CDATA[Starting ChromeDriver 91.0.4472.19 (1bf021f248676a0b2ab3ee0561d83a59e424c23e-refs/branch-heads/4472@{#288}) on port 2405
Only local connections are allowed.
Please see https://chromedriver.chromium.org/security-considerations for suggestions on keeping ChromeDriver safe.
ChromeDriver was started successfully.
Jul 09, 2021 10:29:46 PM org.openqa.selenium.remote.ProtocolHandshake createSession
INFO: Detected dialect: W3C
]]></system-err>
  </testcase>
  <testcase name="selectSingleContactsTest" classname="com.companyNameAbc.projectNameCrm.qa.testcases.ContactsPageTest" time="1.567">
    <system-out><![CDATA[Before navigating to: 'https://classic.freecrm.com/index.html'
Navigated to:'https://classic.freecrm.com/index.html'
Trying to find Element By : By.name: username
Found Element By : By.name: username
Trying to find Element By : By.name: password
Found Element By : By.name: password
Trying to find Element By : By.xpath: //input[@type='submit']
Found Element By : By.xpath: //input[@type='submit']
Trying to click on: [[ChromeDriver: chrome on WINDOWS (36195723294f117a8ca3ce6cf7183cd1)] -> xpath: //input[@type='submit']]
Clicked on: [[ChromeDriver: chrome on WINDOWS (36195723294f117a8ca3ce6cf7183cd1)] -> xpath: //input[@type='submit']]
Trying to find Element By : By.xpath: //a[contains(text(),'Contacts')]
Found Element By : By.xpath: //a[contains(text(),'Contacts')]
Trying to click on: [[ChromeDriver: chrome on WINDOWS (36195723294f117a8ca3ce6cf7183cd1)] -> xpath: //a[contains(text(),'Contacts')]]
Clicked on: [[ChromeDriver: chrome on WINDOWS (36195723294f117a8ca3ce6cf7183cd1)] -> xpath: //a[contains(text(),'Contacts')]]
Trying to find Element By : By.xpath: //a[text()='test testing']//parent::td[@class='datalistrow']//preceding-sibling::td[@class='datalistrow']//input[@name='contact_id']
Found Element By : By.xpath: //a[text()='test testing']//parent::td[@class='datalistrow']//preceding-sibling::td[@class='datalistrow']//input[@name='contact_id']
Trying to click on: [[ChromeDriver: chrome on WINDOWS (36195723294f117a8ca3ce6cf7183cd1)] -> xpath: //a[text()='test testing']//parent::td[@class='datalistrow']//preceding-sibling::td[@class='datalistrow']//input[@name='contact_id']]
Clicked on: [[ChromeDriver: chrome on WINDOWS (36195723294f117a8ca3ce6cf7183cd1)] -> xpath: //a[text()='test testing']//parent::td[@class='datalistrow']//preceding-sibling::td[@class='datalistrow']//input[@name='contact_id']]
]]></system-out>
    <system-err><![CDATA[Starting ChromeDriver 91.0.4472.19 (1bf021f248676a0b2ab3ee0561d83a59e424c23e-refs/branch-heads/4472@{#288}) on port 46881
Only local connections are allowed.
Please see https://chromedriver.chromium.org/security-considerations for suggestions on keeping ChromeDriver safe.
ChromeDriver was started successfully.
Jul 09, 2021 10:30:08 PM org.openqa.selenium.remote.ProtocolHandshake createSession
INFO: Detected dialect: W3C
]]></system-err>
  </testcase>
  <testcase name="selectMultipleContactsTest" classname="com.companyNameAbc.projectNameCrm.qa.testcases.ContactsPageTest" time="2.198">
    <system-out><![CDATA[Before navigating to: 'https://classic.freecrm.com/index.html'
Navigated to:'https://classic.freecrm.com/index.html'
Trying to find Element By : By.name: username
Found Element By : By.name: username
Trying to find Element By : By.name: password
Found Element By : By.name: password
Trying to find Element By : By.xpath: //input[@type='submit']
Found Element By : By.xpath: //input[@type='submit']
Trying to click on: [[ChromeDriver: chrome on WINDOWS (4b8cbb0b5f80244d9cfd1e98ae5393bb)] -> xpath: //input[@type='submit']]
Clicked on: [[ChromeDriver: chrome on WINDOWS (4b8cbb0b5f80244d9cfd1e98ae5393bb)] -> xpath: //input[@type='submit']]
Trying to find Element By : By.xpath: //a[contains(text(),'Contacts')]
Found Element By : By.xpath: //a[contains(text(),'Contacts')]
Trying to click on: [[ChromeDriver: chrome on WINDOWS (4b8cbb0b5f80244d9cfd1e98ae5393bb)] -> xpath: //a[contains(text(),'Contacts')]]
Clicked on: [[ChromeDriver: chrome on WINDOWS (4b8cbb0b5f80244d9cfd1e98ae5393bb)] -> xpath: //a[contains(text(),'Contacts')]]
Trying to find Element By : By.xpath: //a[text()='test testing']//parent::td[@class='datalistrow']//preceding-sibling::td[@class='datalistrow']//input[@name='contact_id']
Found Element By : By.xpath: //a[text()='test testing']//parent::td[@class='datalistrow']//preceding-sibling::td[@class='datalistrow']//input[@name='contact_id']
Trying to click on: [[ChromeDriver: chrome on WINDOWS (4b8cbb0b5f80244d9cfd1e98ae5393bb)] -> xpath: //a[text()='test testing']//parent::td[@class='datalistrow']//preceding-sibling::td[@class='datalistrow']//input[@name='contact_id']]
Clicked on: [[ChromeDriver: chrome on WINDOWS (4b8cbb0b5f80244d9cfd1e98ae5393bb)] -> xpath: //a[text()='test testing']//parent::td[@class='datalistrow']//preceding-sibling::td[@class='datalistrow']//input[@name='contact_id']]
Trying to find Element By : By.xpath: //a[text()='testqa sant']//parent::td[@class='datalistrow']//preceding-sibling::td[@class='datalistrow']//input[@name='contact_id']
Found Element By : By.xpath: //a[text()='testqa sant']//parent::td[@class='datalistrow']//preceding-sibling::td[@class='datalistrow']//input[@name='contact_id']
Trying to click on: [[ChromeDriver: chrome on WINDOWS (4b8cbb0b5f80244d9cfd1e98ae5393bb)] -> xpath: //a[text()='testqa sant']//parent::td[@class='datalistrow']//preceding-sibling::td[@class='datalistrow']//input[@name='contact_id']]
Clicked on: [[ChromeDriver: chrome on WINDOWS (4b8cbb0b5f80244d9cfd1e98ae5393bb)] -> xpath: //a[text()='testqa sant']//parent::td[@class='datalistrow']//preceding-sibling::td[@class='datalistrow']//input[@name='contact_id']]
]]></system-out>
    <system-err><![CDATA[Starting ChromeDriver 91.0.4472.19 (1bf021f248676a0b2ab3ee0561d83a59e424c23e-refs/branch-heads/4472@{#288}) on port 4969
Only local connections are allowed.
Please see https://chromedriver.chromium.org/security-considerations for suggestions on keeping ChromeDriver safe.
ChromeDriver was started successfully.
Jul 09, 2021 10:30:30 PM org.openqa.selenium.remote.ProtocolHandshake createSession
INFO: Detected dialect: W3C
]]></system-err>
  </testcase>
  <testcase name="validateCreateNewContact[Mr., John, james, ABC](1)" classname="com.companyNameAbc.projectNameCrm.qa.testcases.ContactsPageTest" time="6.232">
    <system-out><![CDATA[Before navigating to: 'https://classic.freecrm.com/index.html'
Navigated to:'https://classic.freecrm.com/index.html'
Trying to find Element By : By.name: username
Found Element By : By.name: username
Trying to find Element By : By.name: password
Found Element By : By.name: password
Trying to find Element By : By.xpath: //input[@type='submit']
Found Element By : By.xpath: //input[@type='submit']
Trying to click on: [[ChromeDriver: chrome on WINDOWS (75623e306bfb02aadd86181f6f395106)] -> xpath: //input[@type='submit']]
Clicked on: [[ChromeDriver: chrome on WINDOWS (75623e306bfb02aadd86181f6f395106)] -> xpath: //input[@type='submit']]
Trying to find Element By : By.xpath: //a[contains(text(),'Contacts')]
Found Element By : By.xpath: //a[contains(text(),'Contacts')]
Trying to find Element By : By.xpath: //a[contains(text(),'New Contact')]
Found Element By : By.xpath: //a[contains(text(),'New Contact')]
Trying to click on: [[ChromeDriver: chrome on WINDOWS (75623e306bfb02aadd86181f6f395106)] -> xpath: //a[contains(text(),'New Contact')]]
Clicked on: [[ChromeDriver: chrome on WINDOWS (75623e306bfb02aadd86181f6f395106)] -> xpath: //a[contains(text(),'New Contact')]]
Trying to find Element By : By.name: title
Found Element By : By.name: title
Trying to find Element By : By.xpath: .//option[normalize-space(.) = "Mr."]
Found Element By : By.xpath: .//option[normalize-space(.) = "Mr."]
Trying to click on: [[[[ChromeDriver: chrome on WINDOWS (75623e306bfb02aadd86181f6f395106)] -> name: title]] -> xpath: .//option[normalize-space(.) = "Mr."]]
Clicked on: [[[[ChromeDriver: chrome on WINDOWS (75623e306bfb02aadd86181f6f395106)] -> name: title]] -> xpath: .//option[normalize-space(.) = "Mr."]]
Trying to find Element By : By.id: first_name
Found Element By : By.id: first_name
Trying to find Element By : By.id: surname
Found Element By : By.id: surname
Trying to find Element By : By.name: client_lookup
Found Element By : By.name: client_lookup
Trying to find Element By : By.xpath: //input[@type='submit' and @value='Save']
Found Element By : By.xpath: //input[@type='submit' and @value='Save']
Trying to click on: [[ChromeDriver: chrome on WINDOWS (75623e306bfb02aadd86181f6f395106)] -> xpath: //input[@type='submit' and @value='Save']]
Clicked on: [[ChromeDriver: chrome on WINDOWS (75623e306bfb02aadd86181f6f395106)] -> xpath: //input[@type='submit' and @value='Save']]
]]></system-out>
    <system-err><![CDATA[Starting ChromeDriver 91.0.4472.19 (1bf021f248676a0b2ab3ee0561d83a59e424c23e-refs/branch-heads/4472@{#288}) on port 32882
Only local connections are allowed.
Please see https://chromedriver.chromium.org/security-considerations for suggestions on keeping ChromeDriver safe.
ChromeDriver was started successfully.
Jul 09, 2021 10:30:53 PM org.openqa.selenium.remote.ProtocolHandshake createSession
INFO: Detected dialect: W3C
]]></system-err>
  </testcase>
  <testcase name="validateCreateNewContact[Mrs., sam, rock, XYZ](2)" classname="com.companyNameAbc.projectNameCrm.qa.testcases.ContactsPageTest" time="5.448">
    <system-out><![CDATA[Before navigating to: 'https://classic.freecrm.com/index.html'
Navigated to:'https://classic.freecrm.com/index.html'
Trying to find Element By : By.name: username
Found Element By : By.name: username
Trying to find Element By : By.name: password
Found Element By : By.name: password
Trying to find Element By : By.xpath: //input[@type='submit']
Found Element By : By.xpath: //input[@type='submit']
Trying to click on: [[ChromeDriver: chrome on WINDOWS (4845733c80432eedbbc6d741336df9fe)] -> xpath: //input[@type='submit']]
Clicked on: [[ChromeDriver: chrome on WINDOWS (4845733c80432eedbbc6d741336df9fe)] -> xpath: //input[@type='submit']]
Trying to find Element By : By.xpath: //a[contains(text(),'Contacts')]
Found Element By : By.xpath: //a[contains(text(),'Contacts')]
Trying to find Element By : By.xpath: //a[contains(text(),'New Contact')]
Found Element By : By.xpath: //a[contains(text(),'New Contact')]
Trying to click on: [[ChromeDriver: chrome on WINDOWS (4845733c80432eedbbc6d741336df9fe)] -> xpath: //a[contains(text(),'New Contact')]]
Clicked on: [[ChromeDriver: chrome on WINDOWS (4845733c80432eedbbc6d741336df9fe)] -> xpath: //a[contains(text(),'New Contact')]]
Trying to find Element By : By.name: title
Found Element By : By.name: title
Trying to find Element By : By.xpath: .//option[normalize-space(.) = "Mrs."]
Found Element By : By.xpath: .//option[normalize-space(.) = "Mrs."]
Trying to click on: [[[[ChromeDriver: chrome on WINDOWS (4845733c80432eedbbc6d741336df9fe)] -> name: title]] -> xpath: .//option[normalize-space(.) = "Mrs."]]
Clicked on: [[[[ChromeDriver: chrome on WINDOWS (4845733c80432eedbbc6d741336df9fe)] -> name: title]] -> xpath: .//option[normalize-space(.) = "Mrs."]]
Trying to find Element By : By.id: first_name
Found Element By : By.id: first_name
Trying to find Element By : By.id: surname
Found Element By : By.id: surname
Trying to find Element By : By.name: client_lookup
Found Element By : By.name: client_lookup
Trying to find Element By : By.xpath: //input[@type='submit' and @value='Save']
Found Element By : By.xpath: //input[@type='submit' and @value='Save']
Trying to click on: [[ChromeDriver: chrome on WINDOWS (4845733c80432eedbbc6d741336df9fe)] -> xpath: //input[@type='submit' and @value='Save']]
Clicked on: [[ChromeDriver: chrome on WINDOWS (4845733c80432eedbbc6d741336df9fe)] -> xpath: //input[@type='submit' and @value='Save']]
]]></system-out>
    <system-err><![CDATA[Starting ChromeDriver 91.0.4472.19 (1bf021f248676a0b2ab3ee0561d83a59e424c23e-refs/branch-heads/4472@{#288}) on port 40733
Only local connections are allowed.
Please see https://chromedriver.chromium.org/security-considerations for suggestions on keeping ChromeDriver safe.
ChromeDriver was started successfully.
Jul 09, 2021 10:31:21 PM org.openqa.selenium.remote.ProtocolHandshake createSession
INFO: Detected dialect: W3C
]]></system-err>
  </testcase>
  <testcase name="validateCreateNewContact[Dr., josh, duane, BOI](3)" classname="com.companyNameAbc.projectNameCrm.qa.testcases.ContactsPageTest" time="5.125">
    <system-out><![CDATA[Before navigating to: 'https://classic.freecrm.com/index.html'
Navigated to:'https://classic.freecrm.com/index.html'
Trying to find Element By : By.name: username
Found Element By : By.name: username
Trying to find Element By : By.name: password
Found Element By : By.name: password
Trying to find Element By : By.xpath: //input[@type='submit']
Found Element By : By.xpath: //input[@type='submit']
Trying to click on: [[ChromeDriver: chrome on WINDOWS (f7c8e895e97eff106ff29e4e223cfdeb)] -> xpath: //input[@type='submit']]
Clicked on: [[ChromeDriver: chrome on WINDOWS (f7c8e895e97eff106ff29e4e223cfdeb)] -> xpath: //input[@type='submit']]
Trying to find Element By : By.xpath: //a[contains(text(),'Contacts')]
Found Element By : By.xpath: //a[contains(text(),'Contacts')]
Trying to find Element By : By.xpath: //a[contains(text(),'New Contact')]
Found Element By : By.xpath: //a[contains(text(),'New Contact')]
Trying to click on: [[ChromeDriver: chrome on WINDOWS (f7c8e895e97eff106ff29e4e223cfdeb)] -> xpath: //a[contains(text(),'New Contact')]]
Clicked on: [[ChromeDriver: chrome on WINDOWS (f7c8e895e97eff106ff29e4e223cfdeb)] -> xpath: //a[contains(text(),'New Contact')]]
Trying to find Element By : By.name: title
Found Element By : By.name: title
Trying to find Element By : By.xpath: .//option[normalize-space(.) = "Dr."]
Found Element By : By.xpath: .//option[normalize-space(.) = "Dr."]
Trying to click on: [[[[ChromeDriver: chrome on WINDOWS (f7c8e895e97eff106ff29e4e223cfdeb)] -> name: title]] -> xpath: .//option[normalize-space(.) = "Dr."]]
Clicked on: [[[[ChromeDriver: chrome on WINDOWS (f7c8e895e97eff106ff29e4e223cfdeb)] -> name: title]] -> xpath: .//option[normalize-space(.) = "Dr."]]
Trying to find Element By : By.id: first_name
Found Element By : By.id: first_name
Trying to find Element By : By.id: surname
Found Element By : By.id: surname
Trying to find Element By : By.name: client_lookup
Found Element By : By.name: client_lookup
Trying to find Element By : By.xpath: //input[@type='submit' and @value='Save']
Found Element By : By.xpath: //input[@type='submit' and @value='Save']
Trying to click on: [[ChromeDriver: chrome on WINDOWS (f7c8e895e97eff106ff29e4e223cfdeb)] -> xpath: //input[@type='submit' and @value='Save']]
Clicked on: [[ChromeDriver: chrome on WINDOWS (f7c8e895e97eff106ff29e4e223cfdeb)] -> xpath: //input[@type='submit' and @value='Save']]
]]></system-out>
    <system-err><![CDATA[Starting ChromeDriver 91.0.4472.19 (1bf021f248676a0b2ab3ee0561d83a59e424c23e-refs/branch-heads/4472@{#288}) on port 34130
Only local connections are allowed.
Please see https://chromedriver.chromium.org/security-considerations for suggestions on keeping ChromeDriver safe.
ChromeDriver was started successfully.
Jul 09, 2021 10:31:46 PM org.openqa.selenium.remote.ProtocolHandshake createSession
INFO: Detected dialect: W3C
]]></system-err>
  </testcase>
</testsuite>