<?xml version="1.0" encoding="UTF-8"?>
<!-- Generated by org.testng.reporters.JUnitReportReporter -->
<testsuite hostname="LAPTOP-NIK091QM" failures="0" tests="3" name="com.companyNameAbc.projectNameCrm.qa.testcases.HomePageTest" time="58.743" errors="0" timestamp="2021-07-09T21:52:29 IST" skipped="0">
  <testcase classname="com.companyNameAbc.projectNameCrm.qa.testcases.HomePageTest" name="verifyHomePageTitleTest" time="19.370"/>
  <system-out/>
  <testcase classname="com.companyNameAbc.projectNameCrm.qa.testcases.HomePageTest" name="verifyUserNameTest" time="18.702"/>
  <system-out/>
  <testcase classname="com.companyNameAbc.projectNameCrm.qa.testcases.HomePageTest" name="verifyContactsLinkTest" time="20.671"/>
  <system-out/>
</testsuite> <!-- com.companyNameAbc.projectNameCrm.qa.testcases.HomePageTest -->
