<?xml version="1.0" encoding="UTF-8"?>
<!-- Generated by org.testng.reporters.JUnitReportReporter -->
<testsuite hostname="LAPTOP-NIK091QM" failures="0" tests="3" name="com.companyNameAbc.projectNameCrm.qa.testcases.LoginPageTest" time="59.819" errors="0" timestamp="2021-07-09T21:52:29 IST" skipped="0">
  <testcase classname="com.companyNameAbc.projectNameCrm.qa.testcases.LoginPageTest" name="loginPageTitleTest" time="17.590"/>
  <system-out/>
  <testcase classname="com.companyNameAbc.projectNameCrm.qa.testcases.LoginPageTest" name="crmLogoImageTest" time="16.082"/>
  <system-out/>
  <testcase classname="com.companyNameAbc.projectNameCrm.qa.testcases.LoginPageTest" name="loginTest" time="26.147"/>
  <system-out/>
</testsuite> <!-- com.companyNameAbc.projectNameCrm.qa.testcases.LoginPageTest -->
