<?xml version="1.0" encoding="UTF-8"?>
<!-- Generated by org.testng.reporters.JUnitReportReporter -->
<testsuite skipped="0" hostname="LAPTOP-NIK091QM" name="com.companyNameAbc.projectNameCrm.qa.testcases.ContactsPageTest" tests="6" failures="0" timestamp="2021-07-09T22:32:10 IST" time="144.550" errors="0">
  <testcase name="verifyContactsPageLabel" time="24.648" classname="com.companyNameAbc.projectNameCrm.qa.testcases.ContactsPageTest"/>
  <system-out/>
  <testcase name="selectSingleContactsTest" time="20.284" classname="com.companyNameAbc.projectNameCrm.qa.testcases.ContactsPageTest"/>
  <system-out/>
  <testcase name="selectMultipleContactsTest" time="21.970" classname="com.companyNameAbc.projectNameCrm.qa.testcases.ContactsPageTest"/>
  <system-out/>
  <testcase name="validateCreateNewContact" time="26.772" classname="com.companyNameAbc.projectNameCrm.qa.testcases.ContactsPageTest"/>
  <system-out/>
  <testcase name="validateCreateNewContact" time="26.235" classname="com.companyNameAbc.projectNameCrm.qa.testcases.ContactsPageTest"/>
  <system-out/>
  <testcase name="validateCreateNewContact" time="24.641" classname="com.companyNameAbc.projectNameCrm.qa.testcases.ContactsPageTest"/>
  <system-out/>
</testsuite> <!-- com.companyNameAbc.projectNameCrm.qa.testcases.ContactsPageTest -->
