<?xml version="1.0" encoding="UTF-8"?>
<!-- Generated by org.testng.reporters.JUnitReportReporter -->
<testsuite skipped="0" hostname="LAPTOP-NIK091QM" name="com.companyNameAbc.projectNameCrm.qa.testcases.HomePageTest" tests="3" failures="0" timestamp="2021-07-09T22:32:10 IST" time="62.892" errors="0">
  <testcase name="verifyHomePageTitleTest" time="19.074" classname="com.companyNameAbc.projectNameCrm.qa.testcases.HomePageTest"/>
  <system-out/>
  <testcase name="verifyUserNameTest" time="20.750" classname="com.companyNameAbc.projectNameCrm.qa.testcases.HomePageTest"/>
  <system-out/>
  <testcase name="verifyContactsLinkTest" time="23.068" classname="com.companyNameAbc.projectNameCrm.qa.testcases.HomePageTest"/>
  <system-out/>
</testsuite> <!-- com.companyNameAbc.projectNameCrm.qa.testcases.HomePageTest -->
