<?xml version="1.0" encoding="UTF-8"?>
<!-- Generated by org.testng.reporters.JUnitReportReporter -->
<testsuite skipped="0" hostname="LAPTOP-NIK091QM" name="com.companyNameAbc.projectNameCrm.qa.testcases.LoginPageTest" tests="3" failures="0" timestamp="2021-07-09T22:32:10 IST" time="63.882" errors="0">
  <testcase name="loginPageTitleTest" time="17.259" classname="com.companyNameAbc.projectNameCrm.qa.testcases.LoginPageTest"/>
  <system-out/>
  <testcase name="crmLogoImageTest" time="17.616" classname="com.companyNameAbc.projectNameCrm.qa.testcases.LoginPageTest"/>
  <system-out/>
  <testcase name="loginTest" time="29.007" classname="com.companyNameAbc.projectNameCrm.qa.testcases.LoginPageTest"/>
  <system-out/>
</testsuite> <!-- com.companyNameAbc.projectNameCrm.qa.testcases.LoginPageTest -->
